Removed Pin From Net: NetName=NetC1_2 Pin=U?-5
Removed Pin From Net: NetName=NetC2_2 Pin=U?-6
Removed Pin From Net: NetName=A1 Pin=U?-11
Removed Pin From Net: NetName=A2 Pin=U?-12
Removed Pin From Net: NetName=NetLED1_2 Pin=U?-18
Removed Pin From Net: NetName=CANRXD Pin=U?-32
Removed Pin From Net: NetName=CANTXD Pin=U?-33
Removed Pin From Net: NetName=SWDIO Pin=U?-34
Removed Pin From Net: NetName=SWCLK Pin=U?-37
Removed Pin From Net: NetName=NetR2_1 Pin=U?-44
Removed Member From Class: ClassName=MainSchem Member=U?
Added Pin To Net: NetName=NetC1_2 Pin=U1-5
Added Pin To Net: NetName=NetC2_2 Pin=U1-6
Added Pin To Net: NetName=A1 Pin=U1-11
Added Pin To Net: NetName=A2 Pin=U1-12
Added Pin To Net: NetName=NetLED1_2 Pin=U1-18
Added Pin To Net: NetName=CANRXD Pin=U1-32
Added Pin To Net: NetName=CANTXD Pin=U1-33
Added Pin To Net: NetName=SWDIO Pin=U1-34
Added Pin To Net: NetName=SWCLK Pin=U1-37
Added Pin To Net: NetName=NetR2_1 Pin=U1-44
